
Circuit 1 cell sky130_fd_pr__pfet_01v8 and Circuit 2 cell sky130_fd_pr__pfet_01v8 are black boxes.
Equate elements:  no current cell.
Device classes sky130_fd_pr__pfet_01v8 and sky130_fd_pr__pfet_01v8 are equivalent.

Circuit 1 cell sky130_fd_pr__nfet_01v8 and Circuit 2 cell sky130_fd_pr__nfet_01v8 are black boxes.
Equate elements:  no current cell.
Device classes sky130_fd_pr__nfet_01v8 and sky130_fd_pr__nfet_01v8 are equivalent.
Flattening unmatched subcell v_gen_lds in circuit mp3_final_lvs.spice (0)(1 instance)
Flattening unmatched subcell diffamp_lds in circuit mp3_final_lvs.spice (0)(1 instance)
Flattening unmatched subcell v_gen in circuit final.spice (1)(1 instance)
Flattening unmatched subcell diff_amp in circuit final.spice (1)(1 instance)

Class mp3_final_lvs.spice (0):  Merged 16 parallel devices.
Class final.spice (1):  Merged 14 parallel devices.
Subcircuit summary:
Circuit 1: mp3_final_lvs.spice             |Circuit 2: final.spice                     
-------------------------------------------|-------------------------------------------
sky130_fd_pr__pfet_01v8 (36->29)           |sky130_fd_pr__pfet_01v8 (36->29)           
sky130_fd_pr__nfet_01v8 (44->35)           |sky130_fd_pr__nfet_01v8 (44->37) **Mismatc 
isrc (1)                                   |(no matching element)                      
Number of devices: 65 **Mismatch**         |Number of devices: 66 **Mismatch**         
Number of nets: 43 **Mismatch**            |Number of nets: 45 **Mismatch**            
---------------------------------------------------------------------------------------
NET mismatches: Class fragments follow (with fanout counts):
Circuit 1: mp3_final_lvs.spice             |Circuit 2: final.spice                     

---------------------------------------------------------------------------------------
Net: net4                                  |Net: /v_gen_0/a_2160_n4930#                
  sky130_fd_pr__pfet_01v8/2 = 17           |  sky130_fd_pr__pfet_01v8/(1|3) = 2        
  sky130_fd_pr__pfet_01v8/(1|3) = 1        |                                           
  sky130_fd_pr__nfet_01v8/(1|3) = 1        |                                           
                                           |                                           
Net: net1                                  |Net: v_gen_0/Vbn                           
  sky130_fd_pr__nfet_01v8/2 = 15           |  sky130_fd_pr__nfet_01v8/2 = 3            
  isrc/neg = 1                             |  sky130_fd_pr__nfet_01v8/(1|3) = 1        
  sky130_fd_pr__nfet_01v8/(1|3) = 1        |                                           
                                           |                                           
Net: net2                                  |Net: Ib                                    
  sky130_fd_pr__pfet_01v8/(1|3) = 1        |  sky130_fd_pr__nfet_01v8/2 = 2            
  sky130_fd_pr__nfet_01v8/(1|3) = 1        |  sky130_fd_pr__nfet_01v8/(1|3) = 1        
  sky130_fd_pr__nfet_01v8/2 = 5            |                                           
                                           |                                           
Net: VDD                                   |Net: Vbp                                   
  sky130_fd_pr__pfet_01v8/(1|3) = 13       |  sky130_fd_pr__pfet_01v8/2 = 17           
  sky130_fd_pr__pfet_01v8/4 = 29           |  sky130_fd_pr__pfet_01v8/(1|3) = 1        
  sky130_fd_pr__pfet_01v8/2 = 2            |  sky130_fd_pr__nfet_01v8/(1|3) = 2        
                                           |                                           
Net: GND                                   |Net: VP                                    
  sky130_fd_pr__nfet_01v8/4 = 35           |  sky130_fd_pr__pfet_01v8/4 = 29           
  sky130_fd_pr__nfet_01v8/(1|3) = 15       |  sky130_fd_pr__pfet_01v8/(1|3) = 11       
  isrc/pos = 1                             |  sky130_fd_pr__pfet_01v8/2 = 2            
  sky130_fd_pr__nfet_01v8/2 = 2            |                                           
                                           |                                           
(no matching net)                          |Net: VN                                    
                                           |  sky130_fd_pr__nfet_01v8/4 = 37           
                                           |  sky130_fd_pr__pfet_01v8/(1|3) = 1        
                                           |  sky130_fd_pr__nfet_01v8/(1|3) = 18       
                                           |  sky130_fd_pr__nfet_01v8/2 = 7            
                                           |                                           
(no matching net)                          |Net: /v_gen_0/a_60_230#                    
                                           |  sky130_fd_pr__nfet_01v8/2 = 12           
---------------------------------------------------------------------------------------
DEVICE mismatches: Class fragments follow (with node fanout counts):
Circuit 1: mp3_final_lvs.spice             |Circuit 2: final.spice                     

---------------------------------------------------------------------------------------
Instance: v_gen_lds:1/sky130_fd_pr__nfet_0 |Instance: v_gen_0/sky130_fd_pr__nfet_01v8: 
  (1,3) = (53,19)                          |  (1,3) = (63,20)                          
  2 = 17                                   |  2 = 4                                    
  4 = 53                                   |  4 = 63                                   
                                           |                                           
Instance: v_gen_lds:1/sky130_fd_pr__nfet_0 |Instance: v_gen_0/sky130_fd_pr__nfet_01v8: 
  (1,3) = (53,17)                          |  (1,3) = (63,4)                           
  2 = 17                                   |  2 = 4                                    
  4 = 53                                   |  4 = 63                                   
                                           |                                           
Instance: v_gen_lds:1/0Á¢:V               |Instance: v_gen_0/sky130_fd_pr__nfet_01v8: 
  pos = 53                                 |  (1,3) = (63,20)                          
  neg = 17                                 |  2 = 3                                    
                                           |  4 = 63                                   
                                           |                                           
                                           |                                           
(no matching instance)                     |Instance: v_gen_0/sky130_fd_pr__nfet_01v8: 
                                           |  (1,3) = (63,3)                           
                                           |  2 = 3                                    
                                           |  4 = 63                                   
                                           |                                           
---------------------------------------------------------------------------------------
Netlists do not match.
Cells have no pins;  pin matching not needed.
Device classes mp3_final_lvs.spice and final.spice are equivalent.

Final result: Netlists do not match.
